<?xml version="1.0" encoding="UTF-8"?>
<!-- Generated by org.testng.reporters.JUnitReportReporter -->
<testsuite hostname="DESKTOP-RFQMCP3" failures="0" tests="6" name="Runner.run" time="23.185" errors="0" timestamp="2023-07-22T23:31:03 IST" skipped="0">
  <testcase classname="Runner.run" name="runScenario" time="5.071"/>
  <system-out/>
  <testcase classname="Runner.run" name="runScenario" time="3.351"/>
  <system-out/>
  <testcase classname="Runner.run" name="runScenario" time="3.978"/>
  <system-out/>
  <testcase classname="Runner.run" name="runScenario" time="3.277"/>
  <system-out/>
  <testcase classname="Runner.run" name="runScenario" time="3.789"/>
  <system-out/>
  <testcase classname="Runner.run" name="runScenario" time="3.719"/>
  <system-out/>
</testsuite> <!-- Runner.run -->
